<?xml version="1.0" encoding="UTF-8"?>
<!-- Generated by org.testng.reporters.JUnitXMLReporter -->
<testsuite hostname="Abhijeets-MacBook-Air.local" ignored="0" name="Default test" tests="2" failures="0" timestamp="11 Mar 2020 13:02:53 GMT" time="48.173" errors="0">
  <testcase name="selectSingleContactsTest" time="0.96" classname="com.crm.qa.testcases.ContactsPageTest"/>
  <testcase name="selectMultipleContactsTest" time="1.254" classname="com.crm.qa.testcases.ContactsPageTest"/>
</testsuite> <!-- Default test -->
