<?xml version="1.0" encoding="UTF-8"?>
<testng-results skipped="0" failed="0" ignored="0" total="2" passed="2">
  <reporter-output>
  </reporter-output>
  <suite name="Default suite" duration-ms="48173" started-at="2020-03-11T13:02:00Z" finished-at="2020-03-11T13:02:48Z">
    <groups>
    </groups>
    <test name="Default test" duration-ms="48173" started-at="2020-03-11T13:02:00Z" finished-at="2020-03-11T13:02:48Z">
      <class name="com.crm.qa.testcases.ContactsPageTest">
        <test-method status="PASS" signature="setUp()[pri:0, instance:com.crm.qa.testcases.ContactsPageTest@2f686d1f]" name="setUp" is-config="true" duration-ms="23359" started-at="2020-03-11T13:02:00Z" finished-at="2020-03-11T13:02:23Z">
          <reporter-output>
          </reporter-output>
        </test-method> <!-- setUp -->
        <test-method status="PASS" signature="selectSingleContactsTest()[pri:1, instance:com.crm.qa.testcases.ContactsPageTest@2f686d1f]" name="selectSingleContactsTest" duration-ms="960" started-at="2020-03-11T13:02:23Z" finished-at="2020-03-11T13:02:24Z">
          <reporter-output>
          </reporter-output>
        </test-method> <!-- selectSingleContactsTest -->
        <test-method status="PASS" signature="setUp()[pri:0, instance:com.crm.qa.testcases.ContactsPageTest@2f686d1f]" name="setUp" is-config="true" duration-ms="22546" started-at="2020-03-11T13:02:24Z" finished-at="2020-03-11T13:02:47Z">
          <reporter-output>
          </reporter-output>
        </test-method> <!-- setUp -->
        <test-method status="PASS" signature="selectMultipleContactsTest()[pri:2, instance:com.crm.qa.testcases.ContactsPageTest@2f686d1f]" name="selectMultipleContactsTest" duration-ms="1254" started-at="2020-03-11T13:02:47Z" finished-at="2020-03-11T13:02:48Z">
          <reporter-output>
          </reporter-output>
        </test-method> <!-- selectMultipleContactsTest -->
      </class> <!-- com.crm.qa.testcases.ContactsPageTest -->
    </test> <!-- Default test -->
  </suite> <!-- Default suite -->
</testng-results>
